===============================================================
Gobuster v3.0.1
by OJ Reeves (@TheColonial) & Christian Mehlmauer (@_FireFart_)
===============================================================
[+] Url:            http://blunder.htb
[+] Threads:        10
[+] Wordlist:       /usr/share/wordlists/dirb/common.txt
[+] Status codes:   200,204,301,302,307,401,403
[+] User Agent:     gobuster/3.0.1
[+] Extensions:     txt,html,htm,py,sh,php,js
[+] Timeout:        10s
===============================================================
2020/10/10 08:33:35 Starting gobuster
===============================================================
/.hta (Status: 403)
/.hta.php (Status: 403)
/.hta.js (Status: 403)
/.hta.txt (Status: 403)
/.hta.html (Status: 403)
/.hta.htm (Status: 403)
/.hta.py (Status: 403)
/.hta.sh (Status: 403)
/.htaccess (Status: 403)
/.htaccess.php (Status: 403)
/.htaccess.js (Status: 403)
/.htaccess.txt (Status: 403)
/.htaccess.html (Status: 403)
/.htaccess.htm (Status: 403)
/.htaccess.py (Status: 403)
/.htaccess.sh (Status: 403)
/.htpasswd (Status: 403)
/.htpasswd.htm (Status: 403)
/.htpasswd.py (Status: 403)
/.htpasswd.sh (Status: 403)
/.htpasswd.php (Status: 403)
/.htpasswd.js (Status: 403)
/.htpasswd.txt (Status: 403)
/.htpasswd.html (Status: 403)
/0 (Status: 200)
/about (Status: 200)
/admin (Status: 301)
/cgi-bin/ (Status: 301)
/install.php (Status: 200)
/LICENSE (Status: 200)
/robots.txt (Status: 200)
/robots.txt (Status: 200)
/server-status (Status: 403)
/todo.txt (Status: 200)
===============================================================
2020/10/10 08:49:07 Finished
===============================================================
